<?xml version="1.0" encoding="UTF-8"?>
<!-- Generated by org.testng.reporters.JUnitXMLReporter -->
<testsuite ignored="0" hostname="DESKTOP-ILVP5HG" failures="0" tests="3" name="Default test" time="60.182" errors="0" timestamp="2024-10-01T16:46:05 BDT">
  <testcase classname="test.classes.NewbornAddTest" name="testMemberAdd" time="27.863"/>
  <testcase classname="test.classes.NewbornAddTest" name="testPNCAdd" time="10.084">
    <skipped/>
  </testcase> <!-- testPNCAdd -->
  <testcase classname="test.classes.NewbornAddTest" name="testECCDAdd" time="17.381"/>
</testsuite> <!-- Default test -->
