<?xml version="1.0" encoding="UTF-8"?>
<testng-results ignored="0" total="1" passed="1" failed="0" skipped="0">
  <reporter-output>
  </reporter-output>
  <suite started-at="2024-09-29T16:15:16 BDT" name="Default suite" finished-at="2024-09-29T16:16:13 BDT" duration-ms="56301">
    <groups>
    </groups>
    <test started-at="2024-09-29T16:15:16 BDT" name="Default test" finished-at="2024-09-29T16:16:13 BDT" duration-ms="56301">
      <class name="test.classes.AddHhTest">
        <test-method is-config="true" signature="configAppium()[pri:0, instance:test.classes.AddHhTest@367ffa75]" started-at="2024-09-29T16:15:17 BDT" name="configAppium" finished-at="2024-09-29T16:15:22 BDT" duration-ms="5697" status="PASS">
          <reporter-output>
          </reporter-output>
        </test-method> <!-- configAppium -->
        <test-method signature="testHouseholdCreation()[pri:0, instance:test.classes.AddHhTest@367ffa75]" started-at="2024-09-29T16:15:22 BDT" name="testHouseholdCreation" finished-at="2024-09-29T16:16:13 BDT" duration-ms="50398" status="PASS">
          <reporter-output>
          </reporter-output>
        </test-method> <!-- testHouseholdCreation -->
        <test-method is-config="true" signature="tearDown()[pri:0, instance:test.classes.AddHhTest@367ffa75]" started-at="2024-09-29T16:16:13 BDT" name="tearDown" finished-at="2024-09-29T16:16:13 BDT" duration-ms="168" status="PASS">
          <reporter-output>
          </reporter-output>
        </test-method> <!-- tearDown -->
      </class> <!-- test.classes.AddHhTest -->
    </test> <!-- Default test -->
  </suite> <!-- Default suite -->
</testng-results>
