<?xml version="1.0" encoding="UTF-8"?>
<testng-results ignored="0" total="1" passed="1" failed="0" skipped="0">
  <reporter-output>
  </reporter-output>
  <suite started-at="2024-09-26T18:00:18 BDT" name="Default suite" finished-at="2024-09-26T18:01:22 BDT" duration-ms="64500">
    <groups>
    </groups>
    <test started-at="2024-09-26T18:00:18 BDT" name="Default test" finished-at="2024-09-26T18:01:22 BDT" duration-ms="64500">
      <class name="smarthealth.appAutomate.AddHh">
        <test-method is-config="true" signature="configAppium()[pri:0, instance:smarthealth.appAutomate.AddHh@302552ec]" started-at="2024-09-26T18:00:18 BDT" name="configAppium" finished-at="2024-09-26T18:00:25 BDT" duration-ms="7553" status="PASS">
          <reporter-output>
          </reporter-output>
        </test-method> <!-- configAppium -->
        <test-method signature="HouseHoldCreate()[pri:0, instance:smarthealth.appAutomate.AddHh@302552ec]" started-at="2024-09-26T18:00:25 BDT" name="HouseHoldCreate" finished-at="2024-09-26T18:01:22 BDT" duration-ms="56748" status="PASS">
          <reporter-output>
          </reporter-output>
        </test-method> <!-- HouseHoldCreate -->
        <test-method is-config="true" signature="tearDown()[pri:0, instance:smarthealth.appAutomate.AddHh@302552ec]" started-at="2024-09-26T18:01:22 BDT" name="tearDown" finished-at="2024-09-26T18:01:22 BDT" duration-ms="152" status="PASS">
          <reporter-output>
          </reporter-output>
        </test-method> <!-- tearDown -->
      </class> <!-- smarthealth.appAutomate.AddHh -->
    </test> <!-- Default test -->
  </suite> <!-- Default suite -->
</testng-results>
